CHARACTER(KIND=2) type failed to compile with the following output:
Change Dir: /home/kellekai/Dokumente/BSC/WORK/FTI_REPOS/debug/src/CMakeFiles/CMakeFiles/CMakeTmp

Run Build Command:"/usr/bin/make" "cmTC_ffe8c/fast"
/usr/bin/make -f CMakeFiles/cmTC_ffe8c.dir/build.make CMakeFiles/cmTC_ffe8c.dir/build
make[1]: Verzeichnis „/home/kellekai/Dokumente/BSC/WORK/FTI_REPOS/debug/src/CMakeFiles/CMakeFiles/CMakeTmp“ wird betreten
Building Fortran object CMakeFiles/cmTC_ffe8c.dir/cmake_test_BPP_CHARACTER2_WORKS.f90.o
/usr/bin/gfortran     -c /home/kellekai/Dokumente/BSC/WORK/FTI_REPOS/debug/src/CMakeFiles/cmake_test_BPP_CHARACTER2_WORKS.f90 -o CMakeFiles/cmTC_ffe8c.dir/cmake_test_BPP_CHARACTER2_WORKS.f90.o
/home/kellekai/Dokumente/BSC/WORK/FTI_REPOS/debug/src/CMakeFiles/cmake_test_BPP_CHARACTER2_WORKS.f90:3:18:

   CHARACTER(KIND=2):: tstvar
                  1
Error: Kind 2 is not supported for CHARACTER at (1)
CMakeFiles/cmTC_ffe8c.dir/build.make:65: die Regel für Ziel „CMakeFiles/cmTC_ffe8c.dir/cmake_test_BPP_CHARACTER2_WORKS.f90.o“ scheiterte
make[1]: *** [CMakeFiles/cmTC_ffe8c.dir/cmake_test_BPP_CHARACTER2_WORKS.f90.o] Fehler 1
make[1]: Verzeichnis „/home/kellekai/Dokumente/BSC/WORK/FTI_REPOS/debug/src/CMakeFiles/CMakeFiles/CMakeTmp“ wird verlassen
Makefile:126: die Regel für Ziel „cmTC_ffe8c/fast“ scheiterte
make: *** [cmTC_ffe8c/fast] Fehler 2

CHARACTER(KIND=8) type failed to compile with the following output:
Change Dir: /home/kellekai/Dokumente/BSC/WORK/FTI_REPOS/debug/src/CMakeFiles/CMakeFiles/CMakeTmp

Run Build Command:"/usr/bin/make" "cmTC_53395/fast"
/usr/bin/make -f CMakeFiles/cmTC_53395.dir/build.make CMakeFiles/cmTC_53395.dir/build
make[1]: Verzeichnis „/home/kellekai/Dokumente/BSC/WORK/FTI_REPOS/debug/src/CMakeFiles/CMakeFiles/CMakeTmp“ wird betreten
Building Fortran object CMakeFiles/cmTC_53395.dir/cmake_test_BPP_CHARACTER8_WORKS.f90.o
/usr/bin/gfortran     -c /home/kellekai/Dokumente/BSC/WORK/FTI_REPOS/debug/src/CMakeFiles/cmake_test_BPP_CHARACTER8_WORKS.f90 -o CMakeFiles/cmTC_53395.dir/cmake_test_BPP_CHARACTER8_WORKS.f90.o
/home/kellekai/Dokumente/BSC/WORK/FTI_REPOS/debug/src/CMakeFiles/cmake_test_BPP_CHARACTER8_WORKS.f90:3:18:

   CHARACTER(KIND=8):: tstvar
                  1
Error: Kind 8 is not supported for CHARACTER at (1)
CMakeFiles/cmTC_53395.dir/build.make:65: die Regel für Ziel „CMakeFiles/cmTC_53395.dir/cmake_test_BPP_CHARACTER8_WORKS.f90.o“ scheiterte
make[1]: *** [CMakeFiles/cmTC_53395.dir/cmake_test_BPP_CHARACTER8_WORKS.f90.o] Fehler 1
make[1]: Verzeichnis „/home/kellekai/Dokumente/BSC/WORK/FTI_REPOS/debug/src/CMakeFiles/CMakeFiles/CMakeTmp“ wird verlassen
Makefile:126: die Regel für Ziel „cmTC_53395/fast“ scheiterte
make: *** [cmTC_53395/fast] Fehler 2

CHARACTER(KIND=16) type failed to compile with the following output:
Change Dir: /home/kellekai/Dokumente/BSC/WORK/FTI_REPOS/debug/src/CMakeFiles/CMakeFiles/CMakeTmp

Run Build Command:"/usr/bin/make" "cmTC_6dab0/fast"
/usr/bin/make -f CMakeFiles/cmTC_6dab0.dir/build.make CMakeFiles/cmTC_6dab0.dir/build
make[1]: Verzeichnis „/home/kellekai/Dokumente/BSC/WORK/FTI_REPOS/debug/src/CMakeFiles/CMakeFiles/CMakeTmp“ wird betreten
Building Fortran object CMakeFiles/cmTC_6dab0.dir/cmake_test_BPP_CHARACTER16_WORKS.f90.o
/usr/bin/gfortran     -c /home/kellekai/Dokumente/BSC/WORK/FTI_REPOS/debug/src/CMakeFiles/cmake_test_BPP_CHARACTER16_WORKS.f90 -o CMakeFiles/cmTC_6dab0.dir/cmake_test_BPP_CHARACTER16_WORKS.f90.o
/home/kellekai/Dokumente/BSC/WORK/FTI_REPOS/debug/src/CMakeFiles/cmake_test_BPP_CHARACTER16_WORKS.f90:3:19:

   CHARACTER(KIND=16):: tstvar
                   1
Error: Kind 16 is not supported for CHARACTER at (1)
CMakeFiles/cmTC_6dab0.dir/build.make:65: die Regel für Ziel „CMakeFiles/cmTC_6dab0.dir/cmake_test_BPP_CHARACTER16_WORKS.f90.o“ scheiterte
make[1]: *** [CMakeFiles/cmTC_6dab0.dir/cmake_test_BPP_CHARACTER16_WORKS.f90.o] Fehler 1
make[1]: Verzeichnis „/home/kellekai/Dokumente/BSC/WORK/FTI_REPOS/debug/src/CMakeFiles/CMakeFiles/CMakeTmp“ wird verlassen
Makefile:126: die Regel für Ziel „cmTC_6dab0/fast“ scheiterte
make: *** [cmTC_6dab0/fast] Fehler 2

CHARACTER(KIND=32) type failed to compile with the following output:
Change Dir: /home/kellekai/Dokumente/BSC/WORK/FTI_REPOS/debug/src/CMakeFiles/CMakeFiles/CMakeTmp

Run Build Command:"/usr/bin/make" "cmTC_32db1/fast"
/usr/bin/make -f CMakeFiles/cmTC_32db1.dir/build.make CMakeFiles/cmTC_32db1.dir/build
make[1]: Verzeichnis „/home/kellekai/Dokumente/BSC/WORK/FTI_REPOS/debug/src/CMakeFiles/CMakeFiles/CMakeTmp“ wird betreten
Building Fortran object CMakeFiles/cmTC_32db1.dir/cmake_test_BPP_CHARACTER32_WORKS.f90.o
/usr/bin/gfortran     -c /home/kellekai/Dokumente/BSC/WORK/FTI_REPOS/debug/src/CMakeFiles/cmake_test_BPP_CHARACTER32_WORKS.f90 -o CMakeFiles/cmTC_32db1.dir/cmake_test_BPP_CHARACTER32_WORKS.f90.o
/home/kellekai/Dokumente/BSC/WORK/FTI_REPOS/debug/src/CMakeFiles/cmake_test_BPP_CHARACTER32_WORKS.f90:3:19:

   CHARACTER(KIND=32):: tstvar
                   1
Error: Kind 32 is not supported for CHARACTER at (1)
CMakeFiles/cmTC_32db1.dir/build.make:65: die Regel für Ziel „CMakeFiles/cmTC_32db1.dir/cmake_test_BPP_CHARACTER32_WORKS.f90.o“ scheiterte
make[1]: *** [CMakeFiles/cmTC_32db1.dir/cmake_test_BPP_CHARACTER32_WORKS.f90.o] Fehler 1
make[1]: Verzeichnis „/home/kellekai/Dokumente/BSC/WORK/FTI_REPOS/debug/src/CMakeFiles/CMakeFiles/CMakeTmp“ wird verlassen
Makefile:126: die Regel für Ziel „cmTC_32db1/fast“ scheiterte
make: *** [cmTC_32db1/fast] Fehler 2

CHARACTER(KIND=64) type failed to compile with the following output:
Change Dir: /home/kellekai/Dokumente/BSC/WORK/FTI_REPOS/debug/src/CMakeFiles/CMakeFiles/CMakeTmp

Run Build Command:"/usr/bin/make" "cmTC_7dbc6/fast"
/usr/bin/make -f CMakeFiles/cmTC_7dbc6.dir/build.make CMakeFiles/cmTC_7dbc6.dir/build
make[1]: Verzeichnis „/home/kellekai/Dokumente/BSC/WORK/FTI_REPOS/debug/src/CMakeFiles/CMakeFiles/CMakeTmp“ wird betreten
Building Fortran object CMakeFiles/cmTC_7dbc6.dir/cmake_test_BPP_CHARACTER64_WORKS.f90.o
/usr/bin/gfortran     -c /home/kellekai/Dokumente/BSC/WORK/FTI_REPOS/debug/src/CMakeFiles/cmake_test_BPP_CHARACTER64_WORKS.f90 -o CMakeFiles/cmTC_7dbc6.dir/cmake_test_BPP_CHARACTER64_WORKS.f90.o
/home/kellekai/Dokumente/BSC/WORK/FTI_REPOS/debug/src/CMakeFiles/cmake_test_BPP_CHARACTER64_WORKS.f90:3:19:

   CHARACTER(KIND=64):: tstvar
                   1
Error: Kind 64 is not supported for CHARACTER at (1)
CMakeFiles/cmTC_7dbc6.dir/build.make:65: die Regel für Ziel „CMakeFiles/cmTC_7dbc6.dir/cmake_test_BPP_CHARACTER64_WORKS.f90.o“ scheiterte
make[1]: *** [CMakeFiles/cmTC_7dbc6.dir/cmake_test_BPP_CHARACTER64_WORKS.f90.o] Fehler 1
make[1]: Verzeichnis „/home/kellekai/Dokumente/BSC/WORK/FTI_REPOS/debug/src/CMakeFiles/CMakeFiles/CMakeTmp“ wird verlassen
Makefile:126: die Regel für Ziel „cmTC_7dbc6/fast“ scheiterte
make: *** [cmTC_7dbc6/fast] Fehler 2

COMPLEX(KIND=1) type failed to compile with the following output:
Change Dir: /home/kellekai/Dokumente/BSC/WORK/FTI_REPOS/debug/src/CMakeFiles/CMakeFiles/CMakeTmp

Run Build Command:"/usr/bin/make" "cmTC_5281a/fast"
/usr/bin/make -f CMakeFiles/cmTC_5281a.dir/build.make CMakeFiles/cmTC_5281a.dir/build
make[1]: Verzeichnis „/home/kellekai/Dokumente/BSC/WORK/FTI_REPOS/debug/src/CMakeFiles/CMakeFiles/CMakeTmp“ wird betreten
Building Fortran object CMakeFiles/cmTC_5281a.dir/cmake_test_BPP_COMPLEX1_WORKS.f90.o
/usr/bin/gfortran     -c /home/kellekai/Dokumente/BSC/WORK/FTI_REPOS/debug/src/CMakeFiles/cmake_test_BPP_COMPLEX1_WORKS.f90 -o CMakeFiles/cmTC_5281a.dir/cmake_test_BPP_COMPLEX1_WORKS.f90.o
/home/kellekai/Dokumente/BSC/WORK/FTI_REPOS/debug/src/CMakeFiles/cmake_test_BPP_COMPLEX1_WORKS.f90:3:16:

   COMPLEX(KIND=1):: tstvar
                1
Error: Kind 1 not supported for type COMPLEX at (1)
CMakeFiles/cmTC_5281a.dir/build.make:65: die Regel für Ziel „CMakeFiles/cmTC_5281a.dir/cmake_test_BPP_COMPLEX1_WORKS.f90.o“ scheiterte
make[1]: *** [CMakeFiles/cmTC_5281a.dir/cmake_test_BPP_COMPLEX1_WORKS.f90.o] Fehler 1
make[1]: Verzeichnis „/home/kellekai/Dokumente/BSC/WORK/FTI_REPOS/debug/src/CMakeFiles/CMakeFiles/CMakeTmp“ wird verlassen
Makefile:126: die Regel für Ziel „cmTC_5281a/fast“ scheiterte
make: *** [cmTC_5281a/fast] Fehler 2

COMPLEX(KIND=2) type failed to compile with the following output:
Change Dir: /home/kellekai/Dokumente/BSC/WORK/FTI_REPOS/debug/src/CMakeFiles/CMakeFiles/CMakeTmp

Run Build Command:"/usr/bin/make" "cmTC_c1a70/fast"
/usr/bin/make -f CMakeFiles/cmTC_c1a70.dir/build.make CMakeFiles/cmTC_c1a70.dir/build
make[1]: Verzeichnis „/home/kellekai/Dokumente/BSC/WORK/FTI_REPOS/debug/src/CMakeFiles/CMakeFiles/CMakeTmp“ wird betreten
Building Fortran object CMakeFiles/cmTC_c1a70.dir/cmake_test_BPP_COMPLEX2_WORKS.f90.o
/usr/bin/gfortran     -c /home/kellekai/Dokumente/BSC/WORK/FTI_REPOS/debug/src/CMakeFiles/cmake_test_BPP_COMPLEX2_WORKS.f90 -o CMakeFiles/cmTC_c1a70.dir/cmake_test_BPP_COMPLEX2_WORKS.f90.o
/home/kellekai/Dokumente/BSC/WORK/FTI_REPOS/debug/src/CMakeFiles/cmake_test_BPP_COMPLEX2_WORKS.f90:3:16:

   COMPLEX(KIND=2):: tstvar
                1
Error: Kind 2 not supported for type COMPLEX at (1)
CMakeFiles/cmTC_c1a70.dir/build.make:65: die Regel für Ziel „CMakeFiles/cmTC_c1a70.dir/cmake_test_BPP_COMPLEX2_WORKS.f90.o“ scheiterte
make[1]: *** [CMakeFiles/cmTC_c1a70.dir/cmake_test_BPP_COMPLEX2_WORKS.f90.o] Fehler 1
make[1]: Verzeichnis „/home/kellekai/Dokumente/BSC/WORK/FTI_REPOS/debug/src/CMakeFiles/CMakeFiles/CMakeTmp“ wird verlassen
Makefile:126: die Regel für Ziel „cmTC_c1a70/fast“ scheiterte
make: *** [cmTC_c1a70/fast] Fehler 2

COMPLEX(KIND=32) type failed to compile with the following output:
Change Dir: /home/kellekai/Dokumente/BSC/WORK/FTI_REPOS/debug/src/CMakeFiles/CMakeFiles/CMakeTmp

Run Build Command:"/usr/bin/make" "cmTC_8e1d1/fast"
/usr/bin/make -f CMakeFiles/cmTC_8e1d1.dir/build.make CMakeFiles/cmTC_8e1d1.dir/build
make[1]: Verzeichnis „/home/kellekai/Dokumente/BSC/WORK/FTI_REPOS/debug/src/CMakeFiles/CMakeFiles/CMakeTmp“ wird betreten
Building Fortran object CMakeFiles/cmTC_8e1d1.dir/cmake_test_BPP_COMPLEX32_WORKS.f90.o
/usr/bin/gfortran     -c /home/kellekai/Dokumente/BSC/WORK/FTI_REPOS/debug/src/CMakeFiles/cmake_test_BPP_COMPLEX32_WORKS.f90 -o CMakeFiles/cmTC_8e1d1.dir/cmake_test_BPP_COMPLEX32_WORKS.f90.o
/home/kellekai/Dokumente/BSC/WORK/FTI_REPOS/debug/src/CMakeFiles/cmake_test_BPP_COMPLEX32_WORKS.f90:3:17:

   COMPLEX(KIND=32):: tstvar
                 1
Error: Kind 32 not supported for type COMPLEX at (1)
CMakeFiles/cmTC_8e1d1.dir/build.make:65: die Regel für Ziel „CMakeFiles/cmTC_8e1d1.dir/cmake_test_BPP_COMPLEX32_WORKS.f90.o“ scheiterte
make[1]: *** [CMakeFiles/cmTC_8e1d1.dir/cmake_test_BPP_COMPLEX32_WORKS.f90.o] Fehler 1
make[1]: Verzeichnis „/home/kellekai/Dokumente/BSC/WORK/FTI_REPOS/debug/src/CMakeFiles/CMakeFiles/CMakeTmp“ wird verlassen
Makefile:126: die Regel für Ziel „cmTC_8e1d1/fast“ scheiterte
make: *** [cmTC_8e1d1/fast] Fehler 2

COMPLEX(KIND=64) type failed to compile with the following output:
Change Dir: /home/kellekai/Dokumente/BSC/WORK/FTI_REPOS/debug/src/CMakeFiles/CMakeFiles/CMakeTmp

Run Build Command:"/usr/bin/make" "cmTC_ac831/fast"
/usr/bin/make -f CMakeFiles/cmTC_ac831.dir/build.make CMakeFiles/cmTC_ac831.dir/build
make[1]: Verzeichnis „/home/kellekai/Dokumente/BSC/WORK/FTI_REPOS/debug/src/CMakeFiles/CMakeFiles/CMakeTmp“ wird betreten
Building Fortran object CMakeFiles/cmTC_ac831.dir/cmake_test_BPP_COMPLEX64_WORKS.f90.o
/usr/bin/gfortran     -c /home/kellekai/Dokumente/BSC/WORK/FTI_REPOS/debug/src/CMakeFiles/cmake_test_BPP_COMPLEX64_WORKS.f90 -o CMakeFiles/cmTC_ac831.dir/cmake_test_BPP_COMPLEX64_WORKS.f90.o
/home/kellekai/Dokumente/BSC/WORK/FTI_REPOS/debug/src/CMakeFiles/cmake_test_BPP_COMPLEX64_WORKS.f90:3:17:

   COMPLEX(KIND=64):: tstvar
                 1
Error: Kind 64 not supported for type COMPLEX at (1)
CMakeFiles/cmTC_ac831.dir/build.make:65: die Regel für Ziel „CMakeFiles/cmTC_ac831.dir/cmake_test_BPP_COMPLEX64_WORKS.f90.o“ scheiterte
make[1]: *** [CMakeFiles/cmTC_ac831.dir/cmake_test_BPP_COMPLEX64_WORKS.f90.o] Fehler 1
make[1]: Verzeichnis „/home/kellekai/Dokumente/BSC/WORK/FTI_REPOS/debug/src/CMakeFiles/CMakeFiles/CMakeTmp“ wird verlassen
Makefile:126: die Regel für Ziel „cmTC_ac831/fast“ scheiterte
make: *** [cmTC_ac831/fast] Fehler 2

INTEGER(KIND=32) type failed to compile with the following output:
Change Dir: /home/kellekai/Dokumente/BSC/WORK/FTI_REPOS/debug/src/CMakeFiles/CMakeFiles/CMakeTmp

Run Build Command:"/usr/bin/make" "cmTC_c1a70/fast"
/usr/bin/make -f CMakeFiles/cmTC_c1a70.dir/build.make CMakeFiles/cmTC_c1a70.dir/build
make[1]: Verzeichnis „/home/kellekai/Dokumente/BSC/WORK/FTI_REPOS/debug/src/CMakeFiles/CMakeFiles/CMakeTmp“ wird betreten
Building Fortran object CMakeFiles/cmTC_c1a70.dir/cmake_test_BPP_INTEGER32_WORKS.f90.o
/usr/bin/gfortran     -c /home/kellekai/Dokumente/BSC/WORK/FTI_REPOS/debug/src/CMakeFiles/cmake_test_BPP_INTEGER32_WORKS.f90 -o CMakeFiles/cmTC_c1a70.dir/cmake_test_BPP_INTEGER32_WORKS.f90.o
/home/kellekai/Dokumente/BSC/WORK/FTI_REPOS/debug/src/CMakeFiles/cmake_test_BPP_INTEGER32_WORKS.f90:3:17:

   INTEGER(KIND=32):: tstvar
                 1
Error: Kind 32 not supported for type INTEGER at (1)
CMakeFiles/cmTC_c1a70.dir/build.make:65: die Regel für Ziel „CMakeFiles/cmTC_c1a70.dir/cmake_test_BPP_INTEGER32_WORKS.f90.o“ scheiterte
make[1]: *** [CMakeFiles/cmTC_c1a70.dir/cmake_test_BPP_INTEGER32_WORKS.f90.o] Fehler 1
make[1]: Verzeichnis „/home/kellekai/Dokumente/BSC/WORK/FTI_REPOS/debug/src/CMakeFiles/CMakeFiles/CMakeTmp“ wird verlassen
Makefile:126: die Regel für Ziel „cmTC_c1a70/fast“ scheiterte
make: *** [cmTC_c1a70/fast] Fehler 2

INTEGER(KIND=64) type failed to compile with the following output:
Change Dir: /home/kellekai/Dokumente/BSC/WORK/FTI_REPOS/debug/src/CMakeFiles/CMakeFiles/CMakeTmp

Run Build Command:"/usr/bin/make" "cmTC_b2999/fast"
/usr/bin/make -f CMakeFiles/cmTC_b2999.dir/build.make CMakeFiles/cmTC_b2999.dir/build
make[1]: Verzeichnis „/home/kellekai/Dokumente/BSC/WORK/FTI_REPOS/debug/src/CMakeFiles/CMakeFiles/CMakeTmp“ wird betreten
Building Fortran object CMakeFiles/cmTC_b2999.dir/cmake_test_BPP_INTEGER64_WORKS.f90.o
/usr/bin/gfortran     -c /home/kellekai/Dokumente/BSC/WORK/FTI_REPOS/debug/src/CMakeFiles/cmake_test_BPP_INTEGER64_WORKS.f90 -o CMakeFiles/cmTC_b2999.dir/cmake_test_BPP_INTEGER64_WORKS.f90.o
/home/kellekai/Dokumente/BSC/WORK/FTI_REPOS/debug/src/CMakeFiles/cmake_test_BPP_INTEGER64_WORKS.f90:3:17:

   INTEGER(KIND=64):: tstvar
                 1
Error: Kind 64 not supported for type INTEGER at (1)
CMakeFiles/cmTC_b2999.dir/build.make:65: die Regel für Ziel „CMakeFiles/cmTC_b2999.dir/cmake_test_BPP_INTEGER64_WORKS.f90.o“ scheiterte
make[1]: *** [CMakeFiles/cmTC_b2999.dir/cmake_test_BPP_INTEGER64_WORKS.f90.o] Fehler 1
make[1]: Verzeichnis „/home/kellekai/Dokumente/BSC/WORK/FTI_REPOS/debug/src/CMakeFiles/CMakeFiles/CMakeTmp“ wird verlassen
Makefile:126: die Regel für Ziel „cmTC_b2999/fast“ scheiterte
make: *** [cmTC_b2999/fast] Fehler 2

LOGICAL(KIND=32) type failed to compile with the following output:
Change Dir: /home/kellekai/Dokumente/BSC/WORK/FTI_REPOS/debug/src/CMakeFiles/CMakeFiles/CMakeTmp

Run Build Command:"/usr/bin/make" "cmTC_0ae30/fast"
/usr/bin/make -f CMakeFiles/cmTC_0ae30.dir/build.make CMakeFiles/cmTC_0ae30.dir/build
make[1]: Verzeichnis „/home/kellekai/Dokumente/BSC/WORK/FTI_REPOS/debug/src/CMakeFiles/CMakeFiles/CMakeTmp“ wird betreten
Building Fortran object CMakeFiles/cmTC_0ae30.dir/cmake_test_BPP_LOGICAL32_WORKS.f90.o
/usr/bin/gfortran     -c /home/kellekai/Dokumente/BSC/WORK/FTI_REPOS/debug/src/CMakeFiles/cmake_test_BPP_LOGICAL32_WORKS.f90 -o CMakeFiles/cmTC_0ae30.dir/cmake_test_BPP_LOGICAL32_WORKS.f90.o
/home/kellekai/Dokumente/BSC/WORK/FTI_REPOS/debug/src/CMakeFiles/cmake_test_BPP_LOGICAL32_WORKS.f90:3:17:

   LOGICAL(KIND=32):: tstvar
                 1
Error: Kind 32 not supported for type LOGICAL at (1)
CMakeFiles/cmTC_0ae30.dir/build.make:65: die Regel für Ziel „CMakeFiles/cmTC_0ae30.dir/cmake_test_BPP_LOGICAL32_WORKS.f90.o“ scheiterte
make[1]: *** [CMakeFiles/cmTC_0ae30.dir/cmake_test_BPP_LOGICAL32_WORKS.f90.o] Fehler 1
make[1]: Verzeichnis „/home/kellekai/Dokumente/BSC/WORK/FTI_REPOS/debug/src/CMakeFiles/CMakeFiles/CMakeTmp“ wird verlassen
Makefile:126: die Regel für Ziel „cmTC_0ae30/fast“ scheiterte
make: *** [cmTC_0ae30/fast] Fehler 2

LOGICAL(KIND=64) type failed to compile with the following output:
Change Dir: /home/kellekai/Dokumente/BSC/WORK/FTI_REPOS/debug/src/CMakeFiles/CMakeFiles/CMakeTmp

Run Build Command:"/usr/bin/make" "cmTC_a6a1d/fast"
/usr/bin/make -f CMakeFiles/cmTC_a6a1d.dir/build.make CMakeFiles/cmTC_a6a1d.dir/build
make[1]: Verzeichnis „/home/kellekai/Dokumente/BSC/WORK/FTI_REPOS/debug/src/CMakeFiles/CMakeFiles/CMakeTmp“ wird betreten
Building Fortran object CMakeFiles/cmTC_a6a1d.dir/cmake_test_BPP_LOGICAL64_WORKS.f90.o
/usr/bin/gfortran     -c /home/kellekai/Dokumente/BSC/WORK/FTI_REPOS/debug/src/CMakeFiles/cmake_test_BPP_LOGICAL64_WORKS.f90 -o CMakeFiles/cmTC_a6a1d.dir/cmake_test_BPP_LOGICAL64_WORKS.f90.o
/home/kellekai/Dokumente/BSC/WORK/FTI_REPOS/debug/src/CMakeFiles/cmake_test_BPP_LOGICAL64_WORKS.f90:3:17:

   LOGICAL(KIND=64):: tstvar
                 1
Error: Kind 64 not supported for type LOGICAL at (1)
CMakeFiles/cmTC_a6a1d.dir/build.make:65: die Regel für Ziel „CMakeFiles/cmTC_a6a1d.dir/cmake_test_BPP_LOGICAL64_WORKS.f90.o“ scheiterte
make[1]: *** [CMakeFiles/cmTC_a6a1d.dir/cmake_test_BPP_LOGICAL64_WORKS.f90.o] Fehler 1
make[1]: Verzeichnis „/home/kellekai/Dokumente/BSC/WORK/FTI_REPOS/debug/src/CMakeFiles/CMakeFiles/CMakeTmp“ wird verlassen
Makefile:126: die Regel für Ziel „cmTC_a6a1d/fast“ scheiterte
make: *** [cmTC_a6a1d/fast] Fehler 2

REAL(KIND=1) type failed to compile with the following output:
Change Dir: /home/kellekai/Dokumente/BSC/WORK/FTI_REPOS/debug/src/CMakeFiles/CMakeFiles/CMakeTmp

Run Build Command:"/usr/bin/make" "cmTC_e2a8b/fast"
/usr/bin/make -f CMakeFiles/cmTC_e2a8b.dir/build.make CMakeFiles/cmTC_e2a8b.dir/build
make[1]: Verzeichnis „/home/kellekai/Dokumente/BSC/WORK/FTI_REPOS/debug/src/CMakeFiles/CMakeFiles/CMakeTmp“ wird betreten
Building Fortran object CMakeFiles/cmTC_e2a8b.dir/cmake_test_BPP_REAL1_WORKS.f90.o
/usr/bin/gfortran     -c /home/kellekai/Dokumente/BSC/WORK/FTI_REPOS/debug/src/CMakeFiles/cmake_test_BPP_REAL1_WORKS.f90 -o CMakeFiles/cmTC_e2a8b.dir/cmake_test_BPP_REAL1_WORKS.f90.o
/home/kellekai/Dokumente/BSC/WORK/FTI_REPOS/debug/src/CMakeFiles/cmake_test_BPP_REAL1_WORKS.f90:3:13:

   REAL(KIND=1):: tstvar
             1
Error: Kind 1 not supported for type REAL at (1)
CMakeFiles/cmTC_e2a8b.dir/build.make:65: die Regel für Ziel „CMakeFiles/cmTC_e2a8b.dir/cmake_test_BPP_REAL1_WORKS.f90.o“ scheiterte
make[1]: *** [CMakeFiles/cmTC_e2a8b.dir/cmake_test_BPP_REAL1_WORKS.f90.o] Fehler 1
make[1]: Verzeichnis „/home/kellekai/Dokumente/BSC/WORK/FTI_REPOS/debug/src/CMakeFiles/CMakeFiles/CMakeTmp“ wird verlassen
Makefile:126: die Regel für Ziel „cmTC_e2a8b/fast“ scheiterte
make: *** [cmTC_e2a8b/fast] Fehler 2

REAL(KIND=2) type failed to compile with the following output:
Change Dir: /home/kellekai/Dokumente/BSC/WORK/FTI_REPOS/debug/src/CMakeFiles/CMakeFiles/CMakeTmp

Run Build Command:"/usr/bin/make" "cmTC_dd4de/fast"
/usr/bin/make -f CMakeFiles/cmTC_dd4de.dir/build.make CMakeFiles/cmTC_dd4de.dir/build
make[1]: Verzeichnis „/home/kellekai/Dokumente/BSC/WORK/FTI_REPOS/debug/src/CMakeFiles/CMakeFiles/CMakeTmp“ wird betreten
Building Fortran object CMakeFiles/cmTC_dd4de.dir/cmake_test_BPP_REAL2_WORKS.f90.o
/usr/bin/gfortran     -c /home/kellekai/Dokumente/BSC/WORK/FTI_REPOS/debug/src/CMakeFiles/cmake_test_BPP_REAL2_WORKS.f90 -o CMakeFiles/cmTC_dd4de.dir/cmake_test_BPP_REAL2_WORKS.f90.o
/home/kellekai/Dokumente/BSC/WORK/FTI_REPOS/debug/src/CMakeFiles/cmake_test_BPP_REAL2_WORKS.f90:3:13:

   REAL(KIND=2):: tstvar
             1
Error: Kind 2 not supported for type REAL at (1)
CMakeFiles/cmTC_dd4de.dir/build.make:65: die Regel für Ziel „CMakeFiles/cmTC_dd4de.dir/cmake_test_BPP_REAL2_WORKS.f90.o“ scheiterte
make[1]: *** [CMakeFiles/cmTC_dd4de.dir/cmake_test_BPP_REAL2_WORKS.f90.o] Fehler 1
make[1]: Verzeichnis „/home/kellekai/Dokumente/BSC/WORK/FTI_REPOS/debug/src/CMakeFiles/CMakeFiles/CMakeTmp“ wird verlassen
Makefile:126: die Regel für Ziel „cmTC_dd4de/fast“ scheiterte
make: *** [cmTC_dd4de/fast] Fehler 2

REAL(KIND=32) type failed to compile with the following output:
Change Dir: /home/kellekai/Dokumente/BSC/WORK/FTI_REPOS/debug/src/CMakeFiles/CMakeFiles/CMakeTmp

Run Build Command:"/usr/bin/make" "cmTC_b1418/fast"
/usr/bin/make -f CMakeFiles/cmTC_b1418.dir/build.make CMakeFiles/cmTC_b1418.dir/build
make[1]: Verzeichnis „/home/kellekai/Dokumente/BSC/WORK/FTI_REPOS/debug/src/CMakeFiles/CMakeFiles/CMakeTmp“ wird betreten
Building Fortran object CMakeFiles/cmTC_b1418.dir/cmake_test_BPP_REAL32_WORKS.f90.o
/usr/bin/gfortran     -c /home/kellekai/Dokumente/BSC/WORK/FTI_REPOS/debug/src/CMakeFiles/cmake_test_BPP_REAL32_WORKS.f90 -o CMakeFiles/cmTC_b1418.dir/cmake_test_BPP_REAL32_WORKS.f90.o
/home/kellekai/Dokumente/BSC/WORK/FTI_REPOS/debug/src/CMakeFiles/cmake_test_BPP_REAL32_WORKS.f90:3:14:

   REAL(KIND=32):: tstvar
              1
Error: Kind 32 not supported for type REAL at (1)
CMakeFiles/cmTC_b1418.dir/build.make:65: die Regel für Ziel „CMakeFiles/cmTC_b1418.dir/cmake_test_BPP_REAL32_WORKS.f90.o“ scheiterte
make[1]: *** [CMakeFiles/cmTC_b1418.dir/cmake_test_BPP_REAL32_WORKS.f90.o] Fehler 1
make[1]: Verzeichnis „/home/kellekai/Dokumente/BSC/WORK/FTI_REPOS/debug/src/CMakeFiles/CMakeFiles/CMakeTmp“ wird verlassen
Makefile:126: die Regel für Ziel „cmTC_b1418/fast“ scheiterte
make: *** [cmTC_b1418/fast] Fehler 2

REAL(KIND=64) type failed to compile with the following output:
Change Dir: /home/kellekai/Dokumente/BSC/WORK/FTI_REPOS/debug/src/CMakeFiles/CMakeFiles/CMakeTmp

Run Build Command:"/usr/bin/make" "cmTC_98bcd/fast"
/usr/bin/make -f CMakeFiles/cmTC_98bcd.dir/build.make CMakeFiles/cmTC_98bcd.dir/build
make[1]: Verzeichnis „/home/kellekai/Dokumente/BSC/WORK/FTI_REPOS/debug/src/CMakeFiles/CMakeFiles/CMakeTmp“ wird betreten
Building Fortran object CMakeFiles/cmTC_98bcd.dir/cmake_test_BPP_REAL64_WORKS.f90.o
/usr/bin/gfortran     -c /home/kellekai/Dokumente/BSC/WORK/FTI_REPOS/debug/src/CMakeFiles/cmake_test_BPP_REAL64_WORKS.f90 -o CMakeFiles/cmTC_98bcd.dir/cmake_test_BPP_REAL64_WORKS.f90.o
/home/kellekai/Dokumente/BSC/WORK/FTI_REPOS/debug/src/CMakeFiles/cmake_test_BPP_REAL64_WORKS.f90:3:14:

   REAL(KIND=64):: tstvar
              1
Error: Kind 64 not supported for type REAL at (1)
CMakeFiles/cmTC_98bcd.dir/build.make:65: die Regel für Ziel „CMakeFiles/cmTC_98bcd.dir/cmake_test_BPP_REAL64_WORKS.f90.o“ scheiterte
make[1]: *** [CMakeFiles/cmTC_98bcd.dir/cmake_test_BPP_REAL64_WORKS.f90.o] Fehler 1
make[1]: Verzeichnis „/home/kellekai/Dokumente/BSC/WORK/FTI_REPOS/debug/src/CMakeFiles/CMakeFiles/CMakeTmp“ wird verlassen
Makefile:126: die Regel für Ziel „cmTC_98bcd/fast“ scheiterte
make: *** [cmTC_98bcd/fast] Fehler 2

